This is pdfTeX, Version 3.14159265-2.6-1.40.18 (TeX Live 2017) (preloaded format=pdflatex 2017.5.23)  4 DEC 2017 02:56
entering extended mode
 restricted \write18 enabled.
 file:line:error style messages enabled.
 %&-line parsing enabled.
**advSTDG.tex
(./advSTDG.tex
LaTeX2e <2017-04-15>
Babel <3.10> and hyphenation patterns for 84 language(s) loaded.
(/usr/local/texlive/2017/texmf-dist/tex/latex/base/article.cls
Document Class: article 2014/09/29 v1.4h Standard LaTeX document class
(/usr/local/texlive/2017/texmf-dist/tex/latex/base/size11.clo
File: size11.clo 2014/09/29 v1.4h Standard LaTeX file (size option)
)
\c@part=\count79
\c@section=\count80
\c@subsection=\count81
\c@subsubsection=\count82
\c@paragraph=\count83
\c@subparagraph=\count84
\c@figure=\count85
\c@table=\count86
\abovecaptionskip=\skip41
\belowcaptionskip=\skip42
\bibindent=\dimen102
)
(/usr/local/texlive/2017/texmf-dist/tex/latex/geometry/geometry.sty
Package: geometry 2010/09/12 v5.6 Page Geometry

(/usr/local/texlive/2017/texmf-dist/tex/latex/graphics/keyval.sty
Package: keyval 2014/10/28 v1.15 key=value parser (DPC)
\KV@toks@=\toks14
)
(/usr/local/texlive/2017/texmf-dist/tex/generic/oberdiek/ifpdf.sty
Package: ifpdf 2017/03/15 v3.2 Provides the ifpdf switch
)
(/usr/local/texlive/2017/texmf-dist/tex/generic/oberdiek/ifvtex.sty
Package: ifvtex 2016/05/16 v1.6 Detect VTeX and its facilities (HO)
Package ifvtex Info: VTeX not detected.
)
(/usr/local/texlive/2017/texmf-dist/tex/generic/ifxetex/ifxetex.sty
Package: ifxetex 2010/09/12 v0.6 Provides ifxetex conditional
)
\Gm@cnth=\count87
\Gm@cntv=\count88
\c@Gm@tempcnt=\count89
\Gm@bindingoffset=\dimen103
\Gm@wd@mp=\dimen104
\Gm@odd@mp=\dimen105
\Gm@even@mp=\dimen106
\Gm@layoutwidth=\dimen107
\Gm@layoutheight=\dimen108
\Gm@layouthoffset=\dimen109
\Gm@layoutvoffset=\dimen110
\Gm@dimlist=\toks15
)
(/usr/local/texlive/2017/texmf-dist/tex/latex/graphics/graphicx.sty
Package: graphicx 2014/10/28 v1.0g Enhanced LaTeX Graphics (DPC,SPQR)

(/usr/local/texlive/2017/texmf-dist/tex/latex/graphics/graphics.sty
Package: graphics 2017/04/14 v1.1b Standard LaTeX Graphics (DPC,SPQR)

(/usr/local/texlive/2017/texmf-dist/tex/latex/graphics/trig.sty
Package: trig 2016/01/03 v1.10 sin cos tan (DPC)
)
(/usr/local/texlive/2017/texmf-dist/tex/latex/graphics-cfg/graphics.cfg
File: graphics.cfg 2016/06/04 v1.11 sample graphics configuration
)
Package graphics Info: Driver file: pdftex.def on input line 99.

(/usr/local/texlive/2017/texmf-dist/tex/latex/graphics-def/pdftex.def
File: pdftex.def 2017/01/12 v0.06k Graphics/color for pdfTeX

(/usr/local/texlive/2017/texmf-dist/tex/generic/oberdiek/infwarerr.sty
Package: infwarerr 2016/05/16 v1.4 Providing info/warning/error messages (HO)
)
(/usr/local/texlive/2017/texmf-dist/tex/generic/oberdiek/ltxcmds.sty
Package: ltxcmds 2016/05/16 v1.23 LaTeX kernel commands for general use (HO)
)
\Gread@gobject=\count90
))
\Gin@req@height=\dimen111
\Gin@req@width=\dimen112
)
(/usr/local/texlive/2017/texmf-dist/tex/latex/amsfonts/amssymb.sty
Package: amssymb 2013/01/14 v3.01 AMS font symbols

(/usr/local/texlive/2017/texmf-dist/tex/latex/amsfonts/amsfonts.sty
Package: amsfonts 2013/01/14 v3.01 Basic AMSFonts support
\@emptytoks=\toks16
\symAMSa=\mathgroup4
\symAMSb=\mathgroup5
LaTeX Font Info:    Overwriting math alphabet `\mathfrak' in version `bold'
(Font)                  U/euf/m/n --> U/euf/b/n on input line 106.
))
(/usr/local/texlive/2017/texmf-dist/tex/latex/amsmath/amsmath.sty
Package: amsmath 2016/11/05 v2.16a AMS math features
\@mathmargin=\skip43

For additional information on amsmath, use the `?' option.
(/usr/local/texlive/2017/texmf-dist/tex/latex/amsmath/amstext.sty
Package: amstext 2000/06/29 v2.01 AMS text

(/usr/local/texlive/2017/texmf-dist/tex/latex/amsmath/amsgen.sty
File: amsgen.sty 1999/11/30 v2.0 generic functions
\@emptytoks=\toks17
\ex@=\dimen113
))
(/usr/local/texlive/2017/texmf-dist/tex/latex/amsmath/amsbsy.sty
Package: amsbsy 1999/11/29 v1.2d Bold Symbols
\pmbraise@=\dimen114
)
(/usr/local/texlive/2017/texmf-dist/tex/latex/amsmath/amsopn.sty
Package: amsopn 2016/03/08 v2.02 operator names
)
\inf@bad=\count91
LaTeX Info: Redefining \frac on input line 213.
\uproot@=\count92
\leftroot@=\count93
LaTeX Info: Redefining \overline on input line 375.
\classnum@=\count94
\DOTSCASE@=\count95
LaTeX Info: Redefining \ldots on input line 472.
LaTeX Info: Redefining \dots on input line 475.
LaTeX Info: Redefining \cdots on input line 596.
\Mathstrutbox@=\box26
\strutbox@=\box27
\big@size=\dimen115
LaTeX Font Info:    Redeclaring font encoding OML on input line 712.
LaTeX Font Info:    Redeclaring font encoding OMS on input line 713.
\macc@depth=\count96
\c@MaxMatrixCols=\count97
\dotsspace@=\muskip10
\c@parentequation=\count98
\dspbrk@lvl=\count99
\tag@help=\toks18
\row@=\count100
\column@=\count101
\maxfields@=\count102
\andhelp@=\toks19
\eqnshift@=\dimen116
\alignsep@=\dimen117
\tagshift@=\dimen118
\tagwidth@=\dimen119
\totwidth@=\dimen120
\lineht@=\dimen121
\@envbody=\toks20
\multlinegap=\skip44
\multlinetaggap=\skip45
\mathdisplay@stack=\toks21
LaTeX Info: Redefining \[ on input line 2817.
LaTeX Info: Redefining \] on input line 2818.
)
(/usr/local/texlive/2017/texmf-dist/tex/latex/stmaryrd/stmaryrd.sty
Package: stmaryrd 1994/03/03 St Mary's Road symbol package
\symstmry=\mathgroup6
LaTeX Font Info:    Overwriting symbol font `stmry' in version `bold'
(Font)                  U/stmry/m/n --> U/stmry/b/n on input line 89.
)
(/usr/local/texlive/2017/texmf-dist/tex/latex/caption/subcaption.sty
Package: subcaption 2016/05/22 v1.1-161 Sub-captions (AR)

(/usr/local/texlive/2017/texmf-dist/tex/latex/caption/caption.sty
Package: caption 2016/02/21 v3.3-144 Customizing captions (AR)

(/usr/local/texlive/2017/texmf-dist/tex/latex/caption/caption3.sty
Package: caption3 2016/05/22 v1.7-166 caption3 kernel (AR)
Package caption3 Info: TeX engine: e-TeX on input line 67.
\captionmargin=\dimen122
\captionmargin@=\dimen123
\captionwidth=\dimen124
\caption@tempdima=\dimen125
\caption@indent=\dimen126
\caption@parindent=\dimen127
\caption@hangindent=\dimen128
)
\c@ContinuedFloat=\count103
)
\c@subfigure=\count104
\c@subtable=\count105
)
(./advSTDG.aux)
\openout1 = `advSTDG.aux'.

LaTeX Font Info:    Checking defaults for OML/cmm/m/it on input line 22.
LaTeX Font Info:    ... okay on input line 22.
LaTeX Font Info:    Checking defaults for T1/cmr/m/n on input line 22.
LaTeX Font Info:    ... okay on input line 22.
LaTeX Font Info:    Checking defaults for OT1/cmr/m/n on input line 22.
LaTeX Font Info:    ... okay on input line 22.
LaTeX Font Info:    Checking defaults for OMS/cmsy/m/n on input line 22.
LaTeX Font Info:    ... okay on input line 22.
LaTeX Font Info:    Checking defaults for OMX/cmex/m/n on input line 22.
LaTeX Font Info:    ... okay on input line 22.
LaTeX Font Info:    Checking defaults for U/cmr/m/n on input line 22.
LaTeX Font Info:    ... okay on input line 22.

*geometry* driver: auto-detecting
*geometry* detected driver: pdftex
*geometry* verbose mode - [ preamble ] result:
* driver: pdftex
* paper: letterpaper
* layout: <same size as paper>
* layoutoffset:(h,v)=(0.0pt,0.0pt)
* modes: 
* h-part:(L,W,R)=(92.14519pt, 430.00462pt, 92.14519pt)
* v-part:(T,H,B)=(95.39737pt, 556.47656pt, 143.09605pt)
* \paperwidth=614.295pt
* \paperheight=794.96999pt
* \textwidth=430.00462pt
* \textheight=556.47656pt
* \oddsidemargin=19.8752pt
* \evensidemargin=19.8752pt
* \topmargin=-13.87262pt
* \headheight=12.0pt
* \headsep=25.0pt
* \topskip=11.0pt
* \footskip=30.0pt
* \marginparwidth=59.0pt
* \marginparsep=10.0pt
* \columnsep=10.0pt
* \skip\footins=10.0pt plus 4.0pt minus 2.0pt
* \hoffset=0.0pt
* \voffset=0.0pt
* \mag=1000
* \@twocolumnfalse
* \@twosidefalse
* \@mparswitchfalse
* \@reversemarginfalse
* (1in=72.27pt=25.4mm, 1cm=28.453pt)

(/usr/local/texlive/2017/texmf-dist/tex/context/base/mkii/supp-pdf.mkii
[Loading MPS to PDF converter (version 2006.09.02).]
\scratchcounter=\count106
\scratchdimen=\dimen129
\scratchbox=\box28
\nofMPsegments=\count107
\nofMParguments=\count108
\everyMPshowfont=\toks22
\MPscratchCnt=\count109
\MPscratchDim=\dimen130
\MPnumerator=\count110
\makeMPintoPDFobject=\count111
\everyMPtoPDFconversion=\toks23
) (/usr/local/texlive/2017/texmf-dist/tex/generic/oberdiek/pdftexcmds.sty
Package: pdftexcmds 2017/03/19 v0.25 Utility functions of pdfTeX for LuaTeX (HO
)

(/usr/local/texlive/2017/texmf-dist/tex/generic/oberdiek/ifluatex.sty
Package: ifluatex 2016/05/16 v1.4 Provides the ifluatex switch (HO)
Package ifluatex Info: LuaTeX not detected.
)
Package pdftexcmds Info: LuaTeX not detected.
Package pdftexcmds Info: \pdf@primitive is available.
Package pdftexcmds Info: \pdf@ifprimitive is available.
Package pdftexcmds Info: \pdfdraftmode found.
)
(/usr/local/texlive/2017/texmf-dist/tex/latex/oberdiek/epstopdf-base.sty
Package: epstopdf-base 2016/05/15 v2.6 Base part for package epstopdf

(/usr/local/texlive/2017/texmf-dist/tex/latex/oberdiek/grfext.sty
Package: grfext 2016/05/16 v1.2 Manage graphics extensions (HO)

(/usr/local/texlive/2017/texmf-dist/tex/generic/oberdiek/kvdefinekeys.sty
Package: kvdefinekeys 2016/05/16 v1.4 Define keys (HO)
))
(/usr/local/texlive/2017/texmf-dist/tex/latex/oberdiek/kvoptions.sty
Package: kvoptions 2016/05/16 v3.12 Key value format for package options (HO)

(/usr/local/texlive/2017/texmf-dist/tex/generic/oberdiek/kvsetkeys.sty
Package: kvsetkeys 2016/05/16 v1.17 Key value parser (HO)

(/usr/local/texlive/2017/texmf-dist/tex/generic/oberdiek/etexcmds.sty
Package: etexcmds 2016/05/16 v1.6 Avoid name clashes with e-TeX commands (HO)
Package etexcmds Info: Could not find \expanded.
(etexcmds)             That can mean that you are not using pdfTeX 1.50 or
(etexcmds)             that some package has redefined \expanded.
(etexcmds)             In the latter case, load this package earlier.
)))
Package epstopdf-base Info: Redefining graphics rule for `.eps' on input line 4
38.
Package grfext Info: Graphics extension search list:
(grfext)             [.png,.pdf,.jpg,.mps,.jpeg,.jbig2,.jb2,.PNG,.PDF,.JPG,.JPE
G,.JBIG2,.JB2,.eps]
(grfext)             \AppendGraphicsExtensions on input line 456.

(/usr/local/texlive/2017/texmf-dist/tex/latex/latexconfig/epstopdf-sys.cfg
File: epstopdf-sys.cfg 2010/07/13 v1.3 Configuration of (r)epstopdf for TeX Liv
e
))
Package caption Info: Begin \AtBeginDocument code.
Package caption Info: End \AtBeginDocument code.
LaTeX Font Info:    Try loading font information for U+msa on input line 23.

(/usr/local/texlive/2017/texmf-dist/tex/latex/amsfonts/umsa.fd
File: umsa.fd 2013/01/14 v3.01 AMS symbols A
)
LaTeX Font Info:    Try loading font information for U+msb on input line 23.

(/usr/local/texlive/2017/texmf-dist/tex/latex/amsfonts/umsb.fd
File: umsb.fd 2013/01/14 v3.01 AMS symbols B
)
LaTeX Font Info:    Try loading font information for U+stmry on input line 23.

(/usr/local/texlive/2017/texmf-dist/tex/latex/stmaryrd/Ustmry.fd) [1

{/usr/local/texlive/2017/texmf-var/fonts/map/pdftex/updmap/pdftex.map}]
Overfull \hbox (17.88496pt too wide) detected at line 78
\OML/cmm/m/it/10.95 G[] \OT1/cmr/m/n/10.95 : [] \OMS/cmsy/m/n/10.95 ! K[] \OT1/
cmr/m/n/10.95 : \OML/cmm/m/it/10.95 ^^X \OMS/cmsy/m/n/10.95 ! \OML/cmm/m/it/10.
95 x \OT1/cmr/m/n/10.95 = [][](\OML/cmm/m/it/10.95 t[] \OT1/cmr/m/n/10.95 + \OM
L/cmm/m/it/10.95 t[]\OT1/cmr/m/n/10.95 ) + [](\OML/cmm/m/it/10.95 t[] \OMS/cmsy
/m/n/10.95 ^^@ \OML/cmm/m/it/10.95 t[]\OT1/cmr/m/n/10.95 )\OML/cmm/m/it/10.95 ^
^X[] ;  []\OT1/cmr/m/n/10.95 (1 \OMS/cmsy/m/n/10.95 ^^@ \OML/cmm/m/it/10.95 ^^X
[]\OT1/cmr/m/n/10.95 )\OML/cmm/m/it/10.95 F[]\OT1/cmr/m/n/10.95 ([]) + [](1 + \
OML/cmm/m/it/10.95 ^^X[]\OT1/cmr/m/n/10.95 )\OML/cmm/m/it/10.95 F[]\OT1/cmr/m/n
/10.95 ([])[]
 []

[2] [3]
Overfull \hbox (9.4909pt too wide) detected at line 158
[] [] [] [] \OMS/cmsy/m/n/10 ^^@ [][] r\OML/cmm/m/it/10 v \OMS/cmsy/m/n/10 ^^A 
F\OML/cmm/m/it/10 dx \OT1/cmr/m/n/10 + [][] \OML/cmm/m/it/10 v[]u[]d[] \OMS/cms
y/m/n/10 ^^@ [][] \OML/cmm/m/it/10 v[]u[]d[][] \OT1/cmr/m/n/10 + [] [][](\OML/c
mm/m/it/10 v[] \OMS/cmsy/m/n/10 ^^@ \OML/cmm/m/it/10 v[]\OT1/cmr/m/n/10 )[](\OM
L/cmm/m/it/10 u[]; u[]\OT1/cmr/m/n/10 )\OML/cmm/m/it/10 ds[] \OT1/cmr/m/n/10 = 
[][] \OML/cmm/m/it/10 vfdx
 []


Overfull \hbox (11.60326pt too wide) detected at line 166
[] [] \OMS/cmsy/m/n/10.95 ^^@ [][] r\OML/cmm/m/it/10.95 v \OMS/cmsy/m/n/10.95 ^
^A F\OML/cmm/m/it/10.95 dx \OT1/cmr/m/n/10.95 + [][] \OML/cmm/m/it/10.95 v[]u[]
d[] \OMS/cmsy/m/n/10.95 ^^@ [][] \OML/cmm/m/it/10.95 v[]u[]d[][] \OT1/cmr/m/n/1
0.95 + [] [][](\OML/cmm/m/it/10.95 v[] \OMS/cmsy/m/n/10.95 ^^@ \OML/cmm/m/it/10
.95 v[]\OT1/cmr/m/n/10.95 )[](\OML/cmm/m/it/10.95 u[]; u[]\OT1/cmr/m/n/10.95 )\
OML/cmm/m/it/10.95 ds \OT1/cmr/m/n/10.95 = [][] \OML/cmm/m/it/10.95 vfdx
 []

[4] [5

]
Overfull \hbox (25.36325pt too wide) in paragraph at lines 281--281
[] 
 []

[6] [7]

LaTeX Font Warning: Command \small invalid in math mode on input line 357.


Overfull \hbox (49.1607pt too wide) in paragraph at lines 378--378
[] 
 []

[8] [9] <n16_t025.png, id=50, 562.1pt x 421.575pt>
File: n16_t025.png Graphic file (type png)
 <use n16_t025.png>
Package pdftex.def Info: n16_t025.png used on input line 441.
(pdftex.def)             Requested size: 430.00462pt x 322.50381pt.


LaTeX Warning: `h' float specifier changed to `ht'.

<n16_t050.png, id=51, 562.1pt x 421.575pt>
File: n16_t050.png Graphic file (type png)
 <use n16_t050.png>
Package pdftex.def Info: n16_t050.png used on input line 447.
(pdftex.def)             Requested size: 430.00462pt x 322.50381pt.


LaTeX Warning: `h' float specifier changed to `ht'.

<n16_t075.png, id=52, 562.1pt x 421.575pt>
File: n16_t075.png Graphic file (type png)
 <use n16_t075.png>
Package pdftex.def Info: n16_t075.png used on input line 452.
(pdftex.def)             Requested size: 430.00462pt x 322.50381pt.


LaTeX Warning: `h' float specifier changed to `ht'.

<n16_t100.png, id=53, 562.1pt x 421.575pt>
File: n16_t100.png Graphic file (type png)
 <use n16_t100.png>
Package pdftex.def Info: n16_t100.png used on input line 457.
(pdftex.def)             Requested size: 430.00462pt x 322.50381pt.


LaTeX Warning: `h' float specifier changed to `ht'.

<n128_t025.png, id=54, 562.1pt x 421.575pt>
File: n128_t025.png Graphic file (type png)
 <use n128_t025.png>
Package pdftex.def Info: n128_t025.png used on input line 462.
(pdftex.def)             Requested size: 430.00462pt x 322.50381pt.


LaTeX Warning: `h' float specifier changed to `ht'.

<n128_t050.png, id=55, 562.1pt x 421.575pt>
File: n128_t050.png Graphic file (type png)
 <use n128_t050.png>
Package pdftex.def Info: n128_t050.png used on input line 467.
(pdftex.def)             Requested size: 430.00462pt x 322.50381pt.


LaTeX Warning: `h' float specifier changed to `ht'.

<n128_t075.png, id=56, 562.1pt x 421.575pt>
File: n128_t075.png Graphic file (type png)
 <use n128_t075.png>
Package pdftex.def Info: n128_t075.png used on input line 472.
(pdftex.def)             Requested size: 430.00462pt x 322.50381pt.


LaTeX Warning: `h' float specifier changed to `ht'.

<n128_t100.png, id=57, 562.1pt x 421.575pt>
File: n128_t100.png Graphic file (type png)
 <use n128_t100.png>
Package pdftex.def Info: n128_t100.png used on input line 477.
(pdftex.def)             Requested size: 430.00462pt x 322.50381pt.


LaTeX Warning: `h' float specifier changed to `ht'.

[10

] [11 <./n16_t025.png (PNG copy)>] [12 <./n16_t050.png (PNG copy)>] [13 <./n16_
t075.png (PNG copy)>] [14 <./n16_t100.png (PNG copy)>] [15 <./n128_t025.png (PN
G copy)>] [16 <./n128_t050.png (PNG copy)>] [17 <./n128_t075.png (PNG copy)>] [
18 <./n128_t100.png (PNG copy)>] (./advSTDG.aux) ) 
Here is how much of TeX's memory you used:
 4207 strings out of 492995
 61816 string characters out of 6132704
 139844 words of memory out of 5000000
 7693 multiletter control sequences out of 15000+600000
 14171 words of font info for 57 fonts, out of 8000000 for 9000
 1141 hyphenation exceptions out of 8191
 42i,19n,40p,301b,265s stack positions out of 5000i,500n,10000p,200000b,80000s
</usr/local/texlive/2017/texm
f-dist/fonts/type1/public/amsfonts/cm/cmbx12.pfb></usr/local/texlive/2017/texmf
-dist/fonts/type1/public/amsfonts/cm/cmex10.pfb></usr/local/texlive/2017/texmf-
dist/fonts/type1/public/amsfonts/cm/cmmi10.pfb></usr/local/texlive/2017/texmf-d
ist/fonts/type1/public/amsfonts/cm/cmmi5.pfb></usr/local/texlive/2017/texmf-dis
t/fonts/type1/public/amsfonts/cm/cmmi6.pfb></usr/local/texlive/2017/texmf-dist/
fonts/type1/public/amsfonts/cm/cmmi7.pfb></usr/local/texlive/2017/texmf-dist/fo
nts/type1/public/amsfonts/cm/cmmi8.pfb></usr/local/texlive/2017/texmf-dist/font
s/type1/public/amsfonts/cm/cmr10.pfb></usr/local/texlive/2017/texmf-dist/fonts/
type1/public/amsfonts/cm/cmr12.pfb></usr/local/texlive/2017/texmf-dist/fonts/ty
pe1/public/amsfonts/cm/cmr17.pfb></usr/local/texlive/2017/texmf-dist/fonts/type
1/public/amsfonts/cm/cmr5.pfb></usr/local/texlive/2017/texmf-dist/fonts/type1/p
ublic/amsfonts/cm/cmr6.pfb></usr/local/texlive/2017/texmf-dist/fonts/type1/publ
ic/amsfonts/cm/cmr7.pfb></usr/local/texlive/2017/texmf-dist/fonts/type1/public/
amsfonts/cm/cmr8.pfb></usr/local/texlive/2017/texmf-dist/fonts/type1/public/ams
fonts/cm/cmsy10.pfb></usr/local/texlive/2017/texmf-dist/fonts/type1/public/amsf
onts/cm/cmsy7.pfb></usr/local/texlive/2017/texmf-dist/fonts/type1/public/amsfon
ts/cm/cmsy8.pfb></usr/local/texlive/2017/texmf-dist/fonts/type1/public/amsfonts
/symbols/msbm10.pfb></usr/local/texlive/2017/texmf-dist/fonts/type1/public/stma
ryrd/stmary10.pfb>
Output written on advSTDG.pdf (18 pages, 287543 bytes).
PDF statistics:
 146 PDF objects out of 1000 (max. 8388607)
 98 compressed objects within 1 object stream
 0 named destinations out of 1000 (max. 500000)
 41 words of extra memory for PDF output out of 10000 (max. 10000000)

